<?xml version="1.0" encoding="UTF-8"?>
<!-- Generated by org.testng.reporters.JUnitReportReporter -->
<testsuite skipped="0" hostname="dell" name="com.qa.boast.pageTest.CaseTest" tests="1" failures="0" timestamp="06 Jan 2020 10:51:28 GMT" time="100.395" errors="0">
  <testcase name="createNewCaseTest" time="100.395" classname="com.qa.boast.pageTest.CaseTest"/>
</testsuite> <!-- com.qa.boast.pageTest.CaseTest -->
