<?xml version="1.0" encoding="UTF-8"?>
<!-- Generated by org.testng.reporters.JUnitReportReporter -->
<testsuite skipped="0" hostname="dell" name="com.qa.boast.pageTest.HomePageTest" tests="1" failures="0" timestamp="31 Dec 2019 17:35:38 GMT" time="53.769" errors="0">
  <testcase name="homePageTitleTest" time="53.769" classname="com.qa.boast.pageTest.HomePageTest"/>
</testsuite> <!-- com.qa.boast.pageTest.HomePageTest -->
